<?xml version="1.0" encoding="UTF-8"?>
<!-- Generated by org.testng.reporters.JUnitReportReporter -->
<testsuite hostname="Josephs-MacBook-Air.local" name="tests.amazonTest.AmazonTest" tests="1" failures="0" timestamp="28 Apr 2018 21:01:10 GMT" time="16.736" errors="0">
  <testcase name="groupSetup" time="16.736" classname="tests.amazonTest.AmazonTest"/>
</testsuite> <!-- tests.amazonTest.AmazonTest -->
