<?xml version="1.0" encoding="UTF-8"?>
<!-- Generated by org.testng.reporters.JUnitReportReporter -->
<testsuite hostname="Josephs-MacBook-Air.local" name="tests.amazonTest.AmazonTest" tests="1" failures="0" timestamp="29 Apr 2018 23:21:33 GMT" time="32.484" errors="0">
  <testcase name="groupSetup" time="32.484" classname="tests.amazonTest.AmazonTest"/>
</testsuite> <!-- tests.amazonTest.AmazonTest -->
