<?xml version="1.0" encoding="UTF-8"?>
<!-- Generated by org.testng.reporters.JUnitReportReporter -->
<testsuite hostname="Josephs-MacBook-Air.local" name="tests.amazonTest.AmazonTest" tests="1" failures="0" timestamp="30 Apr 2018 02:58:22 GMT" time="17.935" errors="0">
  <testcase name="groupSetup" time="17.935" classname="tests.amazonTest.AmazonTest"/>
</testsuite> <!-- tests.amazonTest.AmazonTest -->
